[ 2017-08-06T18:29:13+08:00 ] ::1 /MinData/
INFO: [ app_init ] --START--
INFO: Run Behavior\BuildLiteBehavior [ RunTime:0.000027s ]
INFO: [ app_init ] --END-- [ RunTime:0.002300s ]

[ 2017-08-06T18:40:44+08:00 ] ::1 /MinData/
INFO: [ app_init ] --START--
INFO: Run Behavior\BuildLiteBehavior [ RunTime:0.000021s ]
INFO: [ app_init ] --END-- [ RunTime:0.000766s ]
ERR: 1052:Column 'id' in field list is ambiguous
 [ SQL语句 ] : SELECT `id`,`title`,`shorttitle`,`writer`,`source`,`litpic`,`pubdate`,`description`,`body` FROM dede_archives as a INNER JOIN dede_addonarticle as b on a.id = b.aid INNER JOIN dede_arctype as c on a.typeid = c.id  

[ 2017-08-06T18:40:55+08:00 ] ::1 /MinData/
INFO: [ app_init ] --START--
INFO: Run Behavior\BuildLiteBehavior [ RunTime:0.000023s ]
INFO: [ app_init ] --END-- [ RunTime:0.000430s ]
ERR: 1052:Column 'description' in field list is ambiguous
 [ SQL语句 ] : SELECT a.id,`title`,`shorttitle`,`writer`,`source`,`litpic`,`pubdate`,`description`,`body` FROM dede_archives as a INNER JOIN dede_addonarticle as b on a.id = b.aid INNER JOIN dede_arctype as c on a.typeid = c.id  

[ 2017-08-06T18:40:56+08:00 ] ::1 /MinData/
INFO: [ app_init ] --START--
INFO: Run Behavior\BuildLiteBehavior [ RunTime:0.000011s ]
INFO: [ app_init ] --END-- [ RunTime:0.000307s ]
ERR: 1052:Column 'description' in field list is ambiguous
 [ SQL语句 ] : SELECT a.id,`title`,`shorttitle`,`writer`,`source`,`litpic`,`pubdate`,`description`,`body` FROM dede_archives as a INNER JOIN dede_addonarticle as b on a.id = b.aid INNER JOIN dede_arctype as c on a.typeid = c.id  

[ 2017-08-06T18:41:03+08:00 ] ::1 /MinData/
INFO: [ app_init ] --START--
INFO: Run Behavior\BuildLiteBehavior [ RunTime:0.000022s ]
INFO: [ app_init ] --END-- [ RunTime:0.000503s ]

[ 2017-08-06T18:41:23+08:00 ] ::1 /MinData/
INFO: [ app_init ] --START--
INFO: Run Behavior\BuildLiteBehavior [ RunTime:0.000023s ]
INFO: [ app_init ] --END-- [ RunTime:0.000417s ]
ERR: 1052:Column 'id' in where clause is ambiguous
 [ SQL语句 ] : SELECT a.id,`title`,`shorttitle`,`writer`,`source`,`litpic`,`pubdate`,a.description,`body` FROM dede_archives as a INNER JOIN dede_addonarticle as b on a.id = b.aid INNER JOIN dede_arctype as c on a.typeid = c.id  WHERE `id` = 1 

[ 2017-08-06T18:41:24+08:00 ] ::1 /MinData/
INFO: [ app_init ] --START--
INFO: Run Behavior\BuildLiteBehavior [ RunTime:0.000012s ]
INFO: [ app_init ] --END-- [ RunTime:0.000314s ]
ERR: 1052:Column 'id' in where clause is ambiguous
 [ SQL语句 ] : SELECT a.id,`title`,`shorttitle`,`writer`,`source`,`litpic`,`pubdate`,a.description,`body` FROM dede_archives as a INNER JOIN dede_addonarticle as b on a.id = b.aid INNER JOIN dede_arctype as c on a.typeid = c.id  WHERE `id` = 1 

[ 2017-08-06T18:41:28+08:00 ] ::1 /MinData/
INFO: [ app_init ] --START--
INFO: Run Behavior\BuildLiteBehavior [ RunTime:0.000012s ]
INFO: [ app_init ] --END-- [ RunTime:0.000332s ]

[ 2017-08-06T18:41:40+08:00 ] ::1 /MinData/
INFO: [ app_init ] --START--
INFO: Run Behavior\BuildLiteBehavior [ RunTime:0.000022s ]
INFO: [ app_init ] --END-- [ RunTime:0.000412s ]

[ 2017-08-06T18:42:27+08:00 ] ::1 /MinData/
INFO: [ app_init ] --START--
INFO: Run Behavior\BuildLiteBehavior [ RunTime:0.000030s ]
INFO: [ app_init ] --END-- [ RunTime:0.000614s ]

[ 2017-08-06T18:42:31+08:00 ] ::1 /MinData/
INFO: [ app_init ] --START--
INFO: Run Behavior\BuildLiteBehavior [ RunTime:0.000010s ]
INFO: [ app_init ] --END-- [ RunTime:0.000276s ]

[ 2017-08-06T18:42:48+08:00 ] ::1 /MinData/
INFO: [ app_init ] --START--
INFO: Run Behavior\BuildLiteBehavior [ RunTime:0.000022s ]
INFO: [ app_init ] --END-- [ RunTime:0.000447s ]

[ 2017-08-06T18:42:55+08:00 ] ::1 /MinData/
INFO: [ app_init ] --START--
INFO: Run Behavior\BuildLiteBehavior [ RunTime:0.000014s ]
INFO: [ app_init ] --END-- [ RunTime:0.000411s ]

[ 2017-08-06T23:37:37+08:00 ] ::1 /MinData/
INFO: [ app_init ] --START--
INFO: Run Behavior\BuildLiteBehavior [ RunTime:0.000022s ]
INFO: [ app_init ] --END-- [ RunTime:0.001207s ]

[ 2017-08-06T23:38:12+08:00 ] ::1 /MinData/
INFO: [ app_init ] --START--
INFO: Run Behavior\BuildLiteBehavior [ RunTime:0.000018s ]
INFO: [ app_init ] --END-- [ RunTime:0.000380s ]

[ 2017-08-06T23:42:55+08:00 ] ::1 /MinData/
INFO: [ app_init ] --START--
INFO: Run Behavior\BuildLiteBehavior [ RunTime:0.000020s ]
INFO: [ app_init ] --END-- [ RunTime:0.000378s ]

[ 2017-08-06T23:46:53+08:00 ] ::1 /MinData/
INFO: [ app_init ] --START--
INFO: Run Behavior\BuildLiteBehavior [ RunTime:0.000021s ]
INFO: [ app_init ] --END-- [ RunTime:0.000417s ]

[ 2017-08-06T23:49:23+08:00 ] ::1 /MinData/
INFO: [ app_init ] --START--
INFO: Run Behavior\BuildLiteBehavior [ RunTime:0.000026s ]
INFO: [ app_init ] --END-- [ RunTime:0.000576s ]

[ 2017-08-06T23:50:18+08:00 ] ::1 /MinData/
INFO: [ app_init ] --START--
INFO: Run Behavior\BuildLiteBehavior [ RunTime:0.000020s ]
INFO: [ app_init ] --END-- [ RunTime:0.000463s ]
ERR: 非法操作:index

[ 2017-08-06T23:50:28+08:00 ] ::1 /MinData/index.php/Home/Index/goodProduct
INFO: [ app_init ] --START--
INFO: Run Behavior\BuildLiteBehavior [ RunTime:0.000010s ]
INFO: [ app_init ] --END-- [ RunTime:0.000300s ]

[ 2017-08-06T23:52:22+08:00 ] ::1 /MinData/index.php/Home/Index/hotProduct
INFO: [ app_init ] --START--
INFO: Run Behavior\BuildLiteBehavior [ RunTime:0.000010s ]
INFO: [ app_init ] --END-- [ RunTime:0.000268s ]

